[ 20641.453] _XSERVTransSocketUNIXCreateListener: ...SocketCreateListener() failed
[ 20641.453] _XSERVTransMakeAllCOTSServerListeners: server already running
[ 20641.455] (--) Log file renamed from "/home/fintrack/.local/share/xorg/Xorg.pid-4784.log" to "/home/fintrack/.local/share/xorg/Xorg.1.log"
[ 20641.458] 
X.Org X Server 1.20.11
X Protocol Version 11, Revision 0
[ 20641.458] Build Operating System:  5.15.0-208.159.3.el9uek.x86_64 
[ 20641.458] Current Operating System: Linux oel9-ccc-appdev.digilinx.us 5.15.0-318.199.3.2.el9uek.x86_64 #2 SMP Mon Mar 9 08:42:36 PDT 2026 x86_64
[ 20641.458] Kernel command line: BOOT_IMAGE=(hd0,msdos1)/vmlinuz-5.15.0-318.199.3.2.el9uek.x86_64 root=/dev/mapper/ol-root ro crashkernel=1G-64G:448M,64G-:512M resume=/dev/mapper/ol-swap rd.lvm.lv=ol/root rd.lvm.lv=ol/swap rd.lvm.lv=ol/usr rhgb quiet
[ 20641.458] Build Date: 30 October 2025  12:00:00AM
[ 20641.458] Build ID: xorg-x11-server 1.20.11-32.el9_7 
[ 20641.459] Current version of pixman: 0.40.0
[ 20641.459] 	Before reporting problems, check http://wiki.x.org
	to make sure that you have the latest version.
[ 20641.459] Markers: (--) probed, (**) from config file, (==) default setting,
	(++) from command line, (!!) notice, (II) informational,
	(WW) warning, (EE) error, (NI) not implemented, (??) unknown.
[ 20641.461] (==) Log file: "/home/fintrack/.local/share/xorg/Xorg.1.log", Time: Sun Mar 15 16:16:23 2026
[ 20641.462] (==) Using config directory: "/etc/X11/xorg.conf.d"
[ 20641.462] (==) Using system config directory "/usr/share/X11/xorg.conf.d"
[ 20641.464] (==) No Layout section.  Using the first Screen section.
[ 20641.464] (==) No screen section available. Using defaults.
[ 20641.464] (**) |-->Screen "Default Screen Section" (0)
[ 20641.464] (**) |   |-->Monitor "<default monitor>"
[ 20641.464] (==) No monitor specified for screen "Default Screen Section".
	Using a default monitor configuration.
[ 20641.465] (==) Automatically adding devices
[ 20641.465] (==) Automatically enabling devices
[ 20641.466] (==) Automatically adding GPU devices
[ 20641.466] (==) Automatically binding GPU devices
[ 20641.466] (==) Max clients allowed: 256, resource mask: 0x1fffff
[ 20641.466] (==) FontPath set to:
	catalogue:/etc/X11/fontpath.d,
	built-ins
[ 20641.466] (==) ModulePath set to "/usr/lib64/xorg/modules"
[ 20641.466] (II) The server relies on udev to provide the list of input devices.
	If no devices become available, reconfigure udev or disable AutoAddDevices.
[ 20641.466] (II) Loader magic: 0x560170148d40
[ 20641.466] (II) Module ABI versions:
[ 20641.466] 	X.Org ANSI C Emulation: 0.4
[ 20641.466] 	X.Org Video Driver: 24.1
[ 20641.467] 	X.Org XInput driver : 24.1
[ 20641.467] 	X.Org Server Extension : 10.0
[ 20641.473] (++) using VT number 2

[ 20641.479] (II) systemd-logind: took control of session /org/freedesktop/login1/session/_37
[ 20641.484] (II) xfree86: Adding drm device (/dev/dri/card0)
[ 20641.488] (II) systemd-logind: got fd for /dev/dri/card0 226:0 fd 13 paused 0
[ 20641.500] (--) PCI:*(0@0:2:0) 15ad:0405:15ad:0405 rev 0, Mem @ 0xe0000000/16777216, 0xf0000000/2097152, I/O @ 0x0000d010/16, BIOS @ 0x????????/65536
[ 20641.500] (II) LoadModule: "glx"
[ 20641.500] (II) Loading /usr/lib64/xorg/modules/extensions/libglx.so
[ 20641.505] (II) Module glx: vendor="X.Org Foundation"
[ 20641.505] 	compiled for 1.20.11, module version = 1.0.0
[ 20641.506] 	ABI class: X.Org Server Extension, version 10.0
[ 20641.506] (==) Matched vmware as autoconfigured driver 0
[ 20641.506] (==) Matched modesetting as autoconfigured driver 1
[ 20641.506] (==) Matched fbdev as autoconfigured driver 2
[ 20641.506] (==) Matched vesa as autoconfigured driver 3
[ 20641.506] (==) Assigned the driver to the xf86ConfigLayout
[ 20641.506] (II) LoadModule: "vmware"
[ 20641.506] (II) Loading /usr/lib64/xorg/modules/drivers/vmware_drv.so
[ 20641.566] (II) Module vmware: vendor="X.Org Foundation"
[ 20641.566] 	compiled for 1.20.11, module version = 13.2.1
[ 20641.566] 	Module class: X.Org Video Driver
[ 20641.566] 	ABI class: X.Org Video Driver, version 24.1
[ 20641.566] (II) LoadModule: "modesetting"
[ 20641.568] (II) Loading /usr/lib64/xorg/modules/drivers/modesetting_drv.so
[ 20641.570] (II) Module modesetting: vendor="X.Org Foundation"
[ 20641.570] 	compiled for 1.20.11, module version = 1.20.11
[ 20641.570] 	Module class: X.Org Video Driver
[ 20641.570] 	ABI class: X.Org Video Driver, version 24.1
[ 20641.570] (II) LoadModule: "fbdev"
[ 20641.570] (II) Loading /usr/lib64/xorg/modules/drivers/fbdev_drv.so
[ 20641.570] (II) Module fbdev: vendor="X.Org Foundation"
[ 20641.570] 	compiled for 1.20.11, module version = 0.5.0
[ 20641.570] 	Module class: X.Org Video Driver
[ 20641.571] 	ABI class: X.Org Video Driver, version 24.1
[ 20641.571] (II) LoadModule: "vesa"
[ 20641.571] (WW) Warning, couldn't open module vesa
[ 20641.571] (EE) Failed to load module "vesa" (module does not exist, 0)
[ 20641.571] (II) vmware: driver for VMware SVGA: vmware0405, vmware0710
[ 20641.571] (II) modesetting: Driver for Modesetting Kernel Drivers: kms
[ 20641.572] (II) FBDEV: driver for framebuffer: fbdev
[ 20641.572] (WW) VGA arbiter: cannot open kernel arbiter, no multi-card support
[ 20641.572] (II) vmware(0): Creating default Display subsection in Screen section
	"Default Screen Section" for depth/fbbpp 24/32
[ 20641.574] (--) vmware(0): DRM driver version is 2.19.0
[ 20641.574] (==) vmware(0): Depth 24, (--) framebuffer bpp 32
[ 20641.574] (==) vmware(0): RGB weight 888
[ 20641.574] (==) vmware(0): Default visual is TrueColor
[ 20641.574] (--) vmware(0): Min width 1, Max Width 16384.
[ 20641.574] (--) vmware(0): Min height 1, Max Height 16384.
[ 20641.575] (II) vmware(0): Output Virtual1 has no monitor section
[ 20641.575] (II) vmware(0): Output Virtual2 has no monitor section
[ 20641.575] (II) vmware(0): Output Virtual3 has no monitor section
[ 20641.575] (II) vmware(0): Output Virtual4 has no monitor section
[ 20641.575] (II) vmware(0): Output Virtual5 has no monitor section
[ 20641.575] (II) vmware(0): Output Virtual6 has no monitor section
[ 20641.575] (II) vmware(0): Output Virtual7 has no monitor section
[ 20641.576] (II) vmware(0): Output Virtual8 has no monitor section
[ 20641.576] (II) vmware(0): Printing probed modes for output Virtual1
[ 20641.576] (II) vmware(0): Modeline "798x600"x60.0   42.66  798 848 898 948  600 650 700 750 -hsync +vsync (45.0 kHz eP)
[ 20641.577] (II) vmware(0): Modeline "1920x1440"x60.0  234.00  1920 2048 2256 2600  1440 1441 1444 1500 -hsync +vsync (90.0 kHz e)
[ 20641.577] (II) vmware(0): Modeline "1856x1392"x60.0  218.25  1856 1952 2176 2528  1392 1393 1396 1439 -hsync +vsync (86.3 kHz e)
[ 20641.577] (II) vmware(0): Modeline "1792x1344"x60.0  204.75  1792 1920 2120 2448  1344 1345 1348 1394 -hsync +vsync (83.6 kHz e)
[ 20641.577] (II) vmware(0): Modeline "1920x1200"x59.9  193.25  1920 2056 2256 2592  1200 1203 1209 1245 -hsync +vsync (74.6 kHz e)
[ 20641.577] (II) vmware(0): Modeline "1920x1080"x60.0  173.00  1920 2048 2248 2576  1080 1083 1088 1120 -hsync +vsync (67.2 kHz e)
[ 20641.577] (II) vmware(0): Modeline "1600x1200"x60.0  162.00  1600 1664 1856 2160  1200 1201 1204 1250 +hsync +vsync (75.0 kHz e)
[ 20641.577] (II) vmware(0): Modeline "1680x1050"x60.0  146.25  1680 1784 1960 2240  1050 1053 1059 1089 -hsync +vsync (65.3 kHz e)
[ 20641.578] (II) vmware(0): Modeline "1400x1050"x60.0  121.75  1400 1488 1632 1864  1050 1053 1057 1089 -hsync +vsync (65.3 kHz e)
[ 20641.578] (II) vmware(0): Modeline "1280x1024"x60.0  108.00  1280 1328 1440 1688  1024 1025 1028 1066 +hsync +vsync (64.0 kHz e)
[ 20641.578] (II) vmware(0): Modeline "1440x900"x59.9  106.50  1440 1520 1672 1904  900 903 909 934 -hsync +vsync (55.9 kHz e)
[ 20641.578] (II) vmware(0): Modeline "1280x960"x60.0  108.00  1280 1376 1488 1800  960 961 964 1000 +hsync +vsync (60.0 kHz e)
[ 20641.578] (II) vmware(0): Modeline "1360x768"x60.0   85.50  1360 1424 1536 1792  768 771 777 795 +hsync +vsync (47.7 kHz e)
[ 20641.578] (II) vmware(0): Modeline "1280x800"x59.8   83.50  1280 1352 1480 1680  800 803 809 831 +hsync -vsync (49.7 kHz e)
[ 20641.578] (II) vmware(0): Modeline "1152x864"x75.0  108.00  1152 1216 1344 1600  864 865 868 900 +hsync +vsync (67.5 kHz e)
[ 20641.578] (II) vmware(0): Modeline "1280x768"x59.9   79.50  1280 1344 1472 1664  768 771 778 798 -hsync +vsync (47.8 kHz e)
[ 20641.578] (II) vmware(0): Modeline "1280x720"x59.9   74.50  1280 1344 1472 1664  720 723 728 748 -hsync +vsync (44.8 kHz e)
[ 20641.578] (II) vmware(0): Modeline "1024x768"x60.0   65.00  1024 1048 1184 1344  768 771 777 806 -hsync -vsync (48.4 kHz e)
[ 20641.578] (II) vmware(0): Modeline "800x600"x60.3   40.00  800 840 968 1056  600 601 605 628 +hsync +vsync (37.9 kHz e)
[ 20641.578] (II) vmware(0): Modeline "640x480"x59.9   25.18  640 656 752 800  480 489 492 525 -hsync -vsync (31.5 kHz e)
[ 20641.578] (II) vmware(0): EDID for output Virtual2
[ 20641.579] (II) vmware(0): EDID for output Virtual3
[ 20641.580] (II) vmware(0): EDID for output Virtual4
[ 20641.580] (II) vmware(0): EDID for output Virtual5
[ 20641.580] (II) vmware(0): EDID for output Virtual6
[ 20641.581] (II) vmware(0): EDID for output Virtual7
[ 20641.581] (II) vmware(0): EDID for output Virtual8
[ 20641.581] (II) vmware(0): Output Virtual1 connected
[ 20641.581] (II) vmware(0): Output Virtual2 disconnected
[ 20641.581] (II) vmware(0): Output Virtual3 disconnected
[ 20641.581] (II) vmware(0): Output Virtual4 disconnected
[ 20641.581] (II) vmware(0): Output Virtual5 disconnected
[ 20641.586] (II) vmware(0): Output Virtual6 disconnected
[ 20641.586] (II) vmware(0): Output Virtual7 disconnected
[ 20641.586] (II) vmware(0): Output Virtual8 disconnected
[ 20641.586] (II) vmware(0): Using exact sizes for initial modes
[ 20641.586] (II) vmware(0): Output Virtual1 using initial mode 798x600 +0+0
[ 20641.586] (==) vmware(0): DPI set to (96, 96)
[ 20641.586] (==) vmware(0): Using gamma correction (1.0, 1.0, 1.0)
[ 20641.586] (II) Loading sub module "fb"
[ 20641.586] (II) LoadModule: "fb"
[ 20641.587] (II) Module "fb" already built-in
[ 20641.587] (II) Loading sub module "dri2"
[ 20641.587] (II) LoadModule: "dri2"
[ 20641.587] (II) Module "dri2" already built-in
[ 20641.587] (II) UnloadModule: "modesetting"
[ 20641.588] (II) Unloading modesetting
[ 20641.588] (II) UnloadModule: "fbdev"
[ 20641.588] (II) Unloading fbdev
[ 20641.590] (II) vmware(0): Initialized VMWARE_CTRL extension version 0.2
[ 20641.599] (WW) vmware(0): Failed to initialize Gallium3D Xa. No render acceleration available.
[ 20641.599] (WW) vmware(0): Skipped initialization of direct rendering due to lack of render acceleration.
[ 20641.599] (--) vmware(0): Render acceleration is disabled.
[ 20641.599] (==) vmware(0): Rendercheck mode is disabled.
[ 20641.599] (--) vmware(0): Direct rendering (3D) is disabled.
[ 20641.599] (==) vmware(0): Backing store enabled
[ 20641.599] (==) vmware(0): Silken mouse enabled
[ 20641.600] (==) vmware(0): DPMS enabled
[ 20641.600] (II) vmware(0): No 3D acceleration. Not setting up textured video.
[ 20641.600] (WW) vmware(0): Disabling Xv because no adaptors could be initialized.
[ 20641.600] (II) Initializing extension Generic Event Extension
[ 20641.601] (II) Initializing extension SHAPE
[ 20641.601] (II) Initializing extension MIT-SHM
[ 20641.601] (II) Initializing extension XInputExtension
[ 20641.602] (II) Initializing extension XTEST
[ 20641.602] (II) Initializing extension BIG-REQUESTS
[ 20641.603] (II) Initializing extension SYNC
[ 20641.603] (II) Initializing extension XKEYBOARD
[ 20641.603] (II) Initializing extension XC-MISC
[ 20641.604] (II) Initializing extension SECURITY
[ 20641.604] (II) Initializing extension XFIXES
[ 20641.604] (II) Initializing extension RENDER
[ 20641.605] (II) Initializing extension RANDR
[ 20641.605] (II) Initializing extension COMPOSITE
[ 20641.606] (II) Initializing extension DAMAGE
[ 20641.606] (II) Initializing extension MIT-SCREEN-SAVER
[ 20641.606] (II) Initializing extension DOUBLE-BUFFER
[ 20641.607] (II) Initializing extension RECORD
[ 20641.607] (II) Initializing extension DPMS
[ 20641.607] (II) Initializing extension Present
[ 20641.608] (II) Initializing extension DRI3
[ 20641.608] (II) Initializing extension X-Resource
[ 20641.608] (II) Initializing extension XVideo
[ 20641.609] (II) Initializing extension XVideo-MotionCompensation
[ 20641.609] (II) Initializing extension SELinux
[ 20641.609] (II) SELinux: Disabled by boolean
[ 20641.609] (II) Initializing extension GLX
[ 20641.609] (II) AIGLX: Screen 0 is not DRI2 capable
[ 20641.640] (II) IGLX: Loaded and initialized swrast
[ 20641.640] (II) GLX: Initialized DRISWRAST GL provider for screen 0
[ 20641.640] (II) Initializing extension XFree86-VidModeExtension
[ 20641.640] (II) Initializing extension XFree86-DGA
[ 20641.641] (II) Initializing extension DRI2
[ 20641.642] (II) vmware(0): Setting screen physical size to 211 x 158
[ 20641.736] (II) config/udev: Adding input device Power Button (/dev/input/event0)
[ 20641.736] (**) Power Button: Applying InputClass "evdev keyboard catchall"
[ 20641.737] (**) Power Button: Applying InputClass "libinput keyboard catchall"
[ 20641.737] (**) Power Button: Applying InputClass "system-keyboard"
[ 20641.737] (II) LoadModule: "libinput"
[ 20641.737] (II) Loading /usr/lib64/xorg/modules/input/libinput_drv.so
[ 20641.746] (II) Module libinput: vendor="X.Org Foundation"
[ 20641.746] 	compiled for 1.20.11, module version = 1.0.1
[ 20641.747] 	Module class: X.Org XInput Driver
[ 20641.747] 	ABI class: X.Org XInput driver, version 24.1
[ 20641.747] (II) Using input driver 'libinput' for 'Power Button'
[ 20641.757] (II) systemd-logind: got fd for /dev/input/event0 13:64 fd 21 paused 0
[ 20641.757] (**) Power Button: always reports core events
[ 20641.757] (**) Option "Device" "/dev/input/event0"
[ 20641.757] (**) Option "_source" "server/udev"
[ 20641.781] (II) event0  - Power Button: is tagged by udev as: Keyboard
[ 20641.782] (II) event0  - Power Button: device is a keyboard
[ 20641.783] (II) event0  - Power Button: device removed
[ 20641.783] (**) Option "config_info" "udev:/sys/devices/LNXSYSTM:00/LNXPWRBN:00/input/input0/event0"
[ 20641.783] (II) XINPUT: Adding extended input device "Power Button" (type: KEYBOARD, id 6)
[ 20641.784] (**) Option "xkb_layout" "us"
[ 20641.789] (II) event0  - Power Button: is tagged by udev as: Keyboard
[ 20641.789] (II) event0  - Power Button: device is a keyboard
[ 20641.792] (II) config/udev: Adding input device Sleep Button (/dev/input/event1)
[ 20641.792] (**) Sleep Button: Applying InputClass "evdev keyboard catchall"
[ 20641.792] (**) Sleep Button: Applying InputClass "libinput keyboard catchall"
[ 20641.792] (**) Sleep Button: Applying InputClass "system-keyboard"
[ 20641.793] (II) Using input driver 'libinput' for 'Sleep Button'
[ 20641.799] (II) systemd-logind: got fd for /dev/input/event1 13:65 fd 24 paused 0
[ 20641.800] (**) Sleep Button: always reports core events
[ 20641.800] (**) Option "Device" "/dev/input/event1"
[ 20641.800] (**) Option "_source" "server/udev"
[ 20641.803] (II) event1  - Sleep Button: is tagged by udev as: Keyboard
[ 20641.804] (II) event1  - Sleep Button: device is a keyboard
[ 20641.805] (II) event1  - Sleep Button: device removed
[ 20641.806] (**) Option "config_info" "udev:/sys/devices/LNXSYSTM:00/LNXSLPBN:00/input/input1/event1"
[ 20641.806] (II) XINPUT: Adding extended input device "Sleep Button" (type: KEYBOARD, id 7)
[ 20641.806] (**) Option "xkb_layout" "us"
[ 20641.813] (II) event1  - Sleep Button: is tagged by udev as: Keyboard
[ 20641.814] (II) event1  - Sleep Button: device is a keyboard
[ 20641.820] (II) config/udev: Adding input device Video Bus (/dev/input/event4)
[ 20641.820] (**) Video Bus: Applying InputClass "evdev keyboard catchall"
[ 20641.820] (**) Video Bus: Applying InputClass "libinput keyboard catchall"
[ 20641.820] (**) Video Bus: Applying InputClass "system-keyboard"
[ 20641.821] (II) Using input driver 'libinput' for 'Video Bus'
[ 20641.828] (II) systemd-logind: got fd for /dev/input/event4 13:68 fd 25 paused 0
[ 20641.828] (**) Video Bus: always reports core events
[ 20641.829] (**) Option "Device" "/dev/input/event4"
[ 20641.829] (**) Option "_source" "server/udev"
[ 20641.832] (II) event4  - Video Bus: is tagged by udev as: Keyboard
[ 20641.832] (II) event4  - Video Bus: device is a keyboard
[ 20641.833] (II) event4  - Video Bus: device removed
[ 20641.833] (**) Option "config_info" "udev:/sys/devices/LNXSYSTM:00/LNXSYBUS:00/PNP0A03:00/LNXVIDEO:00/input/input5/event4"
[ 20641.834] (II) XINPUT: Adding extended input device "Video Bus" (type: KEYBOARD, id 8)
[ 20641.834] (**) Option "xkb_layout" "us"
[ 20641.837] (II) event4  - Video Bus: is tagged by udev as: Keyboard
[ 20641.838] (II) event4  - Video Bus: device is a keyboard
[ 20641.841] (II) config/udev: Adding input device VirtualBox mouse integration (/dev/input/event5)
[ 20641.842] (**) VirtualBox mouse integration: Applying InputClass "evdev pointer catchall"
[ 20641.842] (**) VirtualBox mouse integration: Applying InputClass "libinput pointer catchall"
[ 20641.842] (II) Using input driver 'libinput' for 'VirtualBox mouse integration'
[ 20641.850] (II) systemd-logind: got fd for /dev/input/event5 13:69 fd 26 paused 0
[ 20641.850] (**) VirtualBox mouse integration: always reports core events
[ 20641.850] (**) Option "Device" "/dev/input/event5"
[ 20641.851] (**) Option "_source" "server/udev"
[ 20641.866] (II) event5  - VirtualBox mouse integration: is tagged by udev as: Mouse
[ 20641.867] (II) event5  - VirtualBox mouse integration: device is a pointer
[ 20641.868] (II) event5  - VirtualBox mouse integration: device removed
[ 20641.868] (**) Option "config_info" "udev:/sys/devices/pci0000:00/0000:00:04.0/input/input8/event5"
[ 20641.868] (II) XINPUT: Adding extended input device "VirtualBox mouse integration" (type: MOUSE, id 9)
[ 20641.868] (**) Option "AccelerationScheme" "none"
[ 20641.868] (**) VirtualBox mouse integration: (accel) selected scheme none/0
[ 20641.868] (**) VirtualBox mouse integration: (accel) acceleration factor: 2.000
[ 20641.870] (**) VirtualBox mouse integration: (accel) acceleration threshold: 4
[ 20641.872] (II) event5  - VirtualBox mouse integration: is tagged by udev as: Mouse
[ 20641.877] (II) event5  - VirtualBox mouse integration: device is a pointer
[ 20641.880] (II) config/udev: Adding input device VirtualBox mouse integration (/dev/input/js0)
[ 20641.880] (II) No input driver specified, ignoring this device.
[ 20641.880] (II) This device may have been added with another device file.
[ 20641.881] (II) config/udev: Adding input device VirtualBox mouse integration (/dev/input/mouse1)
[ 20641.881] (II) No input driver specified, ignoring this device.
[ 20641.881] (II) This device may have been added with another device file.
[ 20641.883] (II) config/udev: Adding input device AT Translated Set 2 keyboard (/dev/input/event2)
[ 20641.883] (**) AT Translated Set 2 keyboard: Applying InputClass "evdev keyboard catchall"
[ 20641.883] (**) AT Translated Set 2 keyboard: Applying InputClass "libinput keyboard catchall"
[ 20641.884] (**) AT Translated Set 2 keyboard: Applying InputClass "system-keyboard"
[ 20641.884] (II) Using input driver 'libinput' for 'AT Translated Set 2 keyboard'
[ 20641.890] (II) systemd-logind: got fd for /dev/input/event2 13:66 fd 27 paused 0
[ 20641.890] (**) AT Translated Set 2 keyboard: always reports core events
[ 20641.891] (**) Option "Device" "/dev/input/event2"
[ 20641.891] (**) Option "_source" "server/udev"
[ 20641.893] (II) event2  - AT Translated Set 2 keyboard: is tagged by udev as: Keyboard
[ 20641.893] (II) event2  - AT Translated Set 2 keyboard: device is a keyboard
[ 20641.895] (II) event2  - AT Translated Set 2 keyboard: device removed
[ 20641.896] (**) Option "config_info" "udev:/sys/devices/platform/i8042/serio0/input/input2/event2"
[ 20641.896] (II) XINPUT: Adding extended input device "AT Translated Set 2 keyboard" (type: KEYBOARD, id 10)
[ 20641.896] (**) Option "xkb_layout" "us"
[ 20641.900] (II) event2  - AT Translated Set 2 keyboard: is tagged by udev as: Keyboard
[ 20641.901] (II) event2  - AT Translated Set 2 keyboard: device is a keyboard
[ 20641.904] (II) config/udev: Adding input device ImExPS/2 Generic Explorer Mouse (/dev/input/event3)
[ 20641.904] (**) ImExPS/2 Generic Explorer Mouse: Applying InputClass "evdev pointer catchall"
[ 20641.905] (**) ImExPS/2 Generic Explorer Mouse: Applying InputClass "libinput pointer catchall"
[ 20641.905] (II) Using input driver 'libinput' for 'ImExPS/2 Generic Explorer Mouse'
[ 20641.912] (II) systemd-logind: got fd for /dev/input/event3 13:67 fd 28 paused 0
[ 20641.912] (**) ImExPS/2 Generic Explorer Mouse: always reports core events
[ 20641.913] (**) Option "Device" "/dev/input/event3"
[ 20641.913] (**) Option "_source" "server/udev"
[ 20641.916] (II) event3  - ImExPS/2 Generic Explorer Mouse: is tagged by udev as: Mouse
[ 20641.917] (II) event3  - ImExPS/2 Generic Explorer Mouse: device is a pointer
[ 20641.918] (II) event3  - ImExPS/2 Generic Explorer Mouse: device removed
[ 20641.918] (**) Option "config_info" "udev:/sys/devices/platform/i8042/serio1/input/input4/event3"
[ 20641.918] (II) XINPUT: Adding extended input device "ImExPS/2 Generic Explorer Mouse" (type: MOUSE, id 11)
[ 20641.919] (**) Option "AccelerationScheme" "none"
[ 20641.919] (**) ImExPS/2 Generic Explorer Mouse: (accel) selected scheme none/0
[ 20641.919] (**) ImExPS/2 Generic Explorer Mouse: (accel) acceleration factor: 2.000
[ 20641.920] (**) ImExPS/2 Generic Explorer Mouse: (accel) acceleration threshold: 4
[ 20641.923] (II) event3  - ImExPS/2 Generic Explorer Mouse: is tagged by udev as: Mouse
[ 20641.923] (II) event3  - ImExPS/2 Generic Explorer Mouse: device is a pointer
[ 20641.926] (II) config/udev: Adding input device ImExPS/2 Generic Explorer Mouse (/dev/input/mouse0)
[ 20641.926] (II) No input driver specified, ignoring this device.
[ 20641.926] (II) This device may have been added with another device file.
[ 20641.928] (II) config/udev: Adding input device PC Speaker (/dev/input/event6)
[ 20641.928] (II) No input driver specified, ignoring this device.
[ 20641.928] (II) This device may have been added with another device file.
[ 20711.466] (DB) vmware(0): New layout.
[ 20711.469] (DB) vmware(0): 0: 0 0 1920 1080
[ 20711.469] (DB) vmware(0): 
[ 20711.571] (EE) No surface to present from.
[ 25263.266] (EE) event2  - AT Translated Set 2 keyboard: client bug: event processing lagging behind by 21ms, your system is too slow
[171930.599] (DB) vmware(0): New layout.
[171930.605] (DB) vmware(0): 0: 0 0 1908 1077
[171930.606] (DB) vmware(0): 
[196156.848] (DB) vmware(0): New layout.
[196156.850] (DB) vmware(0): 0: 0 0 1920 1080
[196156.850] (DB) vmware(0): 
[196156.907] (EE) No surface to present from.
[258325.343] (DB) vmware(0): New layout.
[258325.354] (DB) vmware(0): 0: 0 0 1908 1077
[258325.355] (DB) vmware(0): 
[281159.771] (DB) vmware(0): New layout.
[281159.774] (DB) vmware(0): 0: 0 0 1909 1080
[281159.774] (DB) vmware(0): 
[281159.876] (EE) No surface to present from.
[281162.059] (DB) vmware(0): New layout.
[281162.059] (DB) vmware(0): 0: 0 0 1908 1080
[281162.059] (DB) vmware(0): 
[283049.791] (DB) vmware(0): New layout.
[283049.795] (DB) vmware(0): 0: 0 0 1920 1080
[283049.795] (DB) vmware(0): 
[283049.879] (EE) No surface to present from.
