2026-03-18 17:13:27.148 [info] Reading sessions from keychain...
2026-03-18 17:13:27.156 [info] Getting sessions for all scopes...
2026-03-18 17:13:28.312 [info] Got 0 sessions for ...
2026-03-18 17:13:28.313 [info] Getting sessions for all scopes...
2026-03-18 17:13:28.313 [info] Got 0 sessions for ...
2026-03-18 17:13:29.174 [info] Getting sessions for all scopes...
2026-03-18 17:13:29.174 [info] Got 0 sessions for ...
2026-03-18 17:13:30.068 [info] Getting sessions for all scopes...
2026-03-18 17:13:30.068 [info] Got 0 sessions for ...
2026-03-18 17:13:36.585 [info] Getting sessions for all scopes...
2026-03-18 17:13:36.585 [info] Got 0 sessions for ...
2026-03-18 17:13:46.035 [info] Logging in with 'any' account...
2026-03-18 17:13:46.035 [info] Logging in for the following scopes: read:user repo user:email workflow
2026-03-18 17:13:46.358 [info] Trying with local server... (read:user repo user:email workflow)
2026-03-18 17:14:34.660 [info] Exchanging code for token...
2026-03-18 17:14:36.705 [info] Token exchange success!
2026-03-18 17:14:36.748 [info] Getting user info...
2026-03-18 17:14:37.929 [info] Got account info!
2026-03-18 17:14:37.951 [info] Storing 1 sessions...
2026-03-18 17:14:38.013 [info] Reading sessions from keychain...
2026-03-18 17:14:38.013 [info] Stored 1 sessions!
2026-03-18 17:14:38.014 [info] Login success!
2026-03-18 17:14:38.266 [info] Got stored sessions!
2026-03-18 17:14:38.267 [info] Got 1 verified sessions.
2026-03-18 17:14:38.269 [info] Getting sessions for all scopes...
2026-03-18 17:14:38.269 [info] Got 1 sessions for ...
2026-03-18 17:14:38.272 [info] Getting sessions for all scopes...
2026-03-18 17:14:38.272 [info] Got 1 sessions for ...
2026-03-18 17:14:38.434 [info] FetcherService: Node fetch failed with status: 429 Too Many Requests
2026-03-18 17:14:38.439 [info] Unable to resolve optional EDU details. Status: 429 Too Many Requests
2026-03-18 17:14:39.164 [info] Getting sessions for all scopes...
2026-03-18 17:14:39.164 [info] Got 1 sessions for ...
2026-03-18 17:14:54.522 [info] Getting sessions for all scopes...
2026-03-18 17:14:54.523 [info] Got 1 sessions for ...
2026-03-18 17:14:54.534 [info] Getting sessions for all scopes...
2026-03-18 17:14:54.534 [info] Got 1 sessions for ...
2026-03-18 17:19:30.128 [info] Getting sessions for all scopes...
2026-03-18 17:19:30.129 [info] Got 1 sessions for ...
2026-03-18 17:19:30.131 [info] Getting sessions for all scopes...
2026-03-18 17:19:30.131 [info] Got 1 sessions for ...
2026-03-18 17:19:30.704 [info] Getting sessions for read:user,repo,user:email,workflow...
2026-03-18 17:19:30.705 [info] Got 1 sessions for read:user,repo,user:email,workflow...
2026-03-18 17:19:32.650 [info] Getting sessions for all scopes...
2026-03-18 17:19:32.650 [info] Got 1 sessions for ...
2026-03-18 17:19:33.050 [info] Getting sessions for all scopes...
2026-03-18 17:19:33.050 [info] Got 1 sessions for ...
2026-03-18 17:19:34.936 [info] Getting sessions for read:user,repo,user:email,workflow...
2026-03-18 17:19:34.936 [info] Got 1 sessions for read:user,repo,user:email,workflow...
2026-03-18 17:19:35.851 [info] Getting sessions for all scopes...
2026-03-18 17:19:35.851 [info] Got 1 sessions for ...
2026-03-18 17:19:35.852 [info] Getting sessions for all scopes...
2026-03-18 17:19:35.852 [info] Got 1 sessions for ...
2026-03-18 17:19:36.546 [info] Getting sessions for read:user,repo,user:email,workflow...
2026-03-18 17:19:36.546 [info] Got 1 sessions for read:user,repo,user:email,workflow...
2026-03-18 17:19:38.537 [info] Getting sessions for all scopes...
2026-03-18 17:19:38.537 [info] Got 1 sessions for ...
2026-03-18 17:19:38.542 [info] Getting sessions for all scopes...
2026-03-18 17:19:38.542 [info] Got 1 sessions for ...
2026-03-18 17:19:38.569 [info] Getting sessions for all scopes...
2026-03-18 17:19:38.569 [info] Got 1 sessions for ...
2026-03-18 17:19:39.741 [info] Getting sessions for all scopes...
2026-03-18 17:19:39.741 [info] Got 1 sessions for ...
2026-03-18 17:19:39.795 [info] Getting sessions for read:user,repo,user:email,workflow...
2026-03-18 17:19:39.795 [info] Got 1 sessions for read:user,repo,user:email,workflow...
2026-03-18 17:19:39.989 [info] Getting sessions for all scopes...
2026-03-18 17:19:39.989 [info] Got 1 sessions for ...
2026-03-18 17:19:39.993 [info] Getting sessions for read:user,repo,user:email,workflow...
2026-03-18 17:19:39.993 [info] Got 1 sessions for read:user,repo,user:email,workflow...
2026-03-18 21:02:15.791 [info] Getting sessions for all scopes...
2026-03-18 21:02:15.797 [info] Got 1 sessions for ...
2026-03-18 21:02:15.802 [info] Getting sessions for all scopes...
2026-03-18 21:02:15.804 [info] Got 1 sessions for ...
2026-03-18 21:05:21.528 [info] Getting sessions for all scopes...
2026-03-18 21:05:21.528 [info] Got 1 sessions for ...
2026-03-18 21:05:21.551 [info] Getting sessions for read:user,repo,user:email,workflow...
2026-03-18 21:05:21.554 [info] Got 1 sessions for read:user,repo,user:email,workflow...
2026-03-18 21:05:22.633 [info] Getting sessions for all scopes...
2026-03-18 21:05:22.633 [info] Got 1 sessions for ...
2026-03-18 21:05:22.636 [info] Getting sessions for all scopes...
2026-03-18 21:05:22.638 [info] Got 1 sessions for ...
2026-03-18 21:05:22.739 [info] Getting sessions for read:user,repo,user:email,workflow...
2026-03-18 21:05:22.739 [info] Got 1 sessions for read:user,repo,user:email,workflow...
2026-03-18 21:05:23.012 [info] Getting sessions for all scopes...
2026-03-18 21:05:23.012 [info] Got 1 sessions for ...
2026-03-18 21:05:23.018 [info] Getting sessions for read:user,repo,user:email,workflow...
2026-03-18 21:05:23.019 [info] Got 1 sessions for read:user,repo,user:email,workflow...
2026-03-18 21:05:23.380 [info] Getting sessions for all scopes...
2026-03-18 21:05:23.380 [info] Got 1 sessions for ...
2026-03-18 21:05:23.387 [info] Getting sessions for read:user,repo,user:email,workflow...
2026-03-18 21:05:23.387 [info] Got 1 sessions for read:user,repo,user:email,workflow...
